<?xml version="1.0" encoding="UTF-8"?>
<!-- Generated by org.testng.reporters.JUnitReportReporter -->
<testsuite skipped="1" hostname="Jeys-MBP.home" name="com.automationlabs.tests.WelcomePageTest" tests="5" failures="0" timestamp="2020-10-19T11:51:32 EDT" time="0.921" errors="0">
  <testcase name="verify_learnTechnology_TexTest" time="0.369" classname="com.automationlabs.tests.WelcomePageTest"/>
  <testcase name="verifywelcomepageTitle_Test" time="0.368" classname="com.automationlabs.tests.WelcomePageTest"/>
  <testcase name="verify_naveenAutomationlabs_link_test" time="0.057" classname="com.automationlabs.tests.WelcomePageTest"/>
  <testcase name="closePopUpTest" time="0.127" classname="com.automationlabs.tests.WelcomePageTest"/>
  <testcase name="clickContactUsButtonTest" classname="com.automationlabs.tests.WelcomePageTest">
    <skipped/>
  </testcase> <!-- clickContactUsButtonTest -->
</testsuite> <!-- com.automationlabs.tests.WelcomePageTest -->
