<?xml version="1.0" encoding="UTF-8"?>
<!-- Generated by org.testng.reporters.JUnitReportReporter -->
<testsuite skipped="0" hostname="Jeys-MBP.home" name="com.automationlabs.tests.ContacUsPageTest" tests="7" failures="0" timestamp="2020-10-07T20:20:22 EDT" time="10.704" errors="0">
  <testcase name="getLinkTest" time="0.110" classname="com.automationlabs.tests.ContacUsPageTest"/>
  <testcase name="SearchKeywordTest" time="0.021" classname="com.automationlabs.tests.ContacUsPageTest"/>
  <testcase name="searchTextFieldTest" time="0.121" classname="com.automationlabs.tests.ContacUsPageTest"/>
  <testcase name="IncaseTextTest" time="0.166" classname="com.automationlabs.tests.ContacUsPageTest"/>
  <testcase name="clicksearchbuttonTest" time="10.024" classname="com.automationlabs.tests.ContacUsPageTest"/>
  <testcase name="ContactusPageHeaderTest" time="0.255" classname="com.automationlabs.tests.ContacUsPageTest"/>
  <testcase name="ContactusPageTitleTest" time="0.007" classname="com.automationlabs.tests.ContacUsPageTest"/>
</testsuite> <!-- com.automationlabs.tests.ContacUsPageTest -->
