<?xml version="1.0" encoding="UTF-8"?>
<!-- Generated by org.testng.reporters.JUnitReportReporter -->
<testsuite skipped="1" hostname="Jeys-MBP.home" name="com.automationlabs.tests.WelcomePageTest" tests="5" failures="0" timestamp="2020-10-07T20:21:49 EDT" time="1.005" errors="0">
  <testcase name="verify_learnTechnology_TexTest" time="0.339" classname="com.automationlabs.tests.WelcomePageTest"/>
  <testcase name="verifywelcomepageTitle_Test" time="0.006" classname="com.automationlabs.tests.WelcomePageTest"/>
  <testcase name="verify_naveenAutomationlabs_link_test" time="0.029" classname="com.automationlabs.tests.WelcomePageTest"/>
  <testcase name="closePopUpTest" time="0.631" classname="com.automationlabs.tests.WelcomePageTest"/>
  <testcase name="clickContactUsButtonTest" classname="com.automationlabs.tests.WelcomePageTest">
    <skipped/>
  </testcase> <!-- clickContactUsButtonTest -->
</testsuite> <!-- com.automationlabs.tests.WelcomePageTest -->
