<?xml version="1.0" encoding="UTF-8"?>
<!-- Generated by org.testng.reporters.JUnitReportReporter -->
<testsuite skipped="0" hostname="Jeys-MBP.home" name="com.automationlabs.tests.ContacUsPageTest" tests="7" failures="0" timestamp="2020-10-17T16:35:02 EDT" time="10.968" errors="0">
  <testcase name="clicksearchbuttonTest" time="10.028" classname="com.automationlabs.tests.ContacUsPageTest"/>
  <testcase name="SearchKeywordTest" time="0.019" classname="com.automationlabs.tests.ContacUsPageTest"/>
  <testcase name="searchTextFieldTest" time="0.090" classname="com.automationlabs.tests.ContacUsPageTest"/>
  <testcase name="IncaseTextTest" time="0.243" classname="com.automationlabs.tests.ContacUsPageTest"/>
  <testcase name="ContactusPageHeaderTest" time="0.499" classname="com.automationlabs.tests.ContacUsPageTest"/>
  <testcase name="getLinkTest" time="0.085" classname="com.automationlabs.tests.ContacUsPageTest"/>
  <testcase name="ContactusPageTitleTest" time="0.004" classname="com.automationlabs.tests.ContacUsPageTest"/>
</testsuite> <!-- com.automationlabs.tests.ContacUsPageTest -->
