<?xml version="1.0" encoding="UTF-8"?>
<!-- Generated by org.testng.reporters.JUnitReportReporter -->
<testsuite skipped="0" hostname="Jeys-MBP.home" name="com.automationlabs.tests.WelcomePageTest" tests="3" failures="0" timestamp="2020-10-05T02:31:44 EDT" time="1.750" errors="0">
  <testcase name="closePopUpTest" time="1.688" classname="com.automationlabs.tests.WelcomePageTest"/>
  <testcase name="verifywelcomepageTitle_Test" time="0.015" classname="com.automationlabs.tests.WelcomePageTest"/>
  <testcase name="verify_naveenAutomationlabs_link_test" time="0.047" classname="com.automationlabs.tests.WelcomePageTest"/>
</testsuite> <!-- com.automationlabs.tests.WelcomePageTest -->
