<?xml version="1.0" encoding="UTF-8"?>
<!-- Generated by org.testng.reporters.JUnitReportReporter -->
<testsuite skipped="1" hostname="Jeys-MBP.home" name="com.automationlabs.tests.NaveenPageTest" tests="4" failures="0" timestamp="2020-10-19T11:51:32 EDT" time="6.004" errors="0">
  <testcase name="Link_NaveenAutomationLabs_Test" time="0.308" classname="com.automationlabs.tests.NaveenPageTest"/>
  <testcase name="NaveenPageTitleTest" time="5.025" classname="com.automationlabs.tests.NaveenPageTest"/>
  <testcase name="click_and_GO_Meeting_Test" time="0.671" classname="com.automationlabs.tests.NaveenPageTest"/>
  <testcase name="lifeMottoText_Test" classname="com.automationlabs.tests.NaveenPageTest">
    <skipped/>
  </testcase> <!-- lifeMottoText_Test -->
</testsuite> <!-- com.automationlabs.tests.NaveenPageTest -->
