<?xml version="1.0" encoding="UTF-8"?>
<!-- Generated by org.testng.reporters.JUnitReportReporter -->
<testsuite skipped="0" hostname="Jeys-MBP.home" name="com.automationlabs.tests.ContacUsPageTest" tests="6" failures="0" timestamp="2020-10-19T11:51:32 EDT" time="0.689" errors="0">
  <testcase name="getLinkTest" time="0.072" classname="com.automationlabs.tests.ContacUsPageTest"/>
  <testcase name="SearchKeywordTest" time="0.021" classname="com.automationlabs.tests.ContacUsPageTest"/>
  <testcase name="searchTextFieldTest" time="0.161" classname="com.automationlabs.tests.ContacUsPageTest"/>
  <testcase name="ContactusPageHeaderTest" time="0.303" classname="com.automationlabs.tests.ContacUsPageTest"/>
  <testcase name="IncaseTextTest" time="0.126" classname="com.automationlabs.tests.ContacUsPageTest"/>
  <testcase name="ContactusPageTitleTest" time="0.006" classname="com.automationlabs.tests.ContacUsPageTest"/>
</testsuite> <!-- com.automationlabs.tests.ContacUsPageTest -->
